<?xml version="1.0" encoding="UTF-8"?>
<!-- Generated by org.testng.reporters.JUnitReportReporter -->
<testsuite hostname="200411LTP1674" failures="0" tests="1" name="Org.com.TestRunner.TestRunner" time="13.605" errors="0" timestamp="2022-10-05T09:44:23 IST" skipped="0">
  <testcase classname="Org.com.TestRunner.TestRunner" name="runScenario" time="13.605"/>
  <system-out/>
</testsuite> <!-- Org.com.TestRunner.TestRunner -->
